Diagnose log at 2026-06-27T14:59:15Z

AppPath: C:\Program Files\Git\mingw64\bin\git-credential-manager.exe
InstallDir: C:\Program Files\Git\mingw64\bin\
Version: 2.7.3+5fa7116896c82164996a609accd1c5ad90fe730a

------------
Diagnostic: Environment
Skipped: False
Success: True
Exception: None
Log:
OSType: Windows
OSVersion: 10.0 (build 26200)
Reading environment variables... OK
 Variables:
SystemDrive=C:
ProgramFiles(x86)=C:\Program Files (x86)
MSYSTEM=MINGW64
ProgramW6432=C:\Program Files
PROCESSOR_IDENTIFIER=Intel64 Family 6 Model 140 Stepping 1, GenuineIntel
TMP=C:\Users\harry\AppData\Local\Temp
PROCESSOR_ARCHITECTURE=AMD64
VSCODE_GIT_ASKPASS_MAIN=c:\Users\harry\AppData\Roaming\Code\User\globalStorage\vscode.git\askpass\70789581cae28aa7\askpass-main.js
Path=C:/Program Files/Git/mingw64/libexec/git-core;C:\Program Files\Git\mingw64\bin;C:\Program Files\Git\usr\bin;C:\Users\harry\bin;C:\Program Files\Common Files\Oracle\Java\javapath;C:\WINDOWS\system32;C:\WINDOWS;C:\WINDOWS\System32\Wbem;C:\WINDOWS\System32\WindowsPowerShell\v1.0\;C:\WINDOWS\System32\OpenSSH\;C:\Program Files\dotnet\;C:\Program Files\Java\jdk-21\bin;C:\MinGW\bin;C:\Program Files\nodejs\;C:\Program Files\Git\cmd;C:\Users\harry\AppData\Local\Programs\Python\Python314\Scripts\;C:\Users\harry\AppData\Local\Programs\Python\Python314\;C:\Users\harry\AppData\Local\Programs\Python\Launcher\;C:\Program Files\Java\jdk-21\bin;C:\Users\harry\AppData\Local\Programs\Microsoft VS Code\bin;C:\Users\harry\AppData\Local\Microsoft\WindowsApps;C:\Users\harry\AppData\Local\GitHubDesktop\bin;C:\GnuWin32\bin;C:\Users\harry\AppData\Roaming\npm;C:\Program Files\Git\cmd;C:\Program Files\Git\bin;
VSCODE_GIT_IPC_HANDLE=\\.\pipe\vscode-git-e8dad20502-sock
PROCESSOR_REVISION=8c01
TEMP=C:\Users\harry\AppData\Local\Temp
USERPROFILE=C:\Users\harry
LOGONSERVER=\\KEEBU
TERM=xterm-256color
USERNAME=harry
SystemRoot=C:\WINDOWS
CHROME_CRASHPAD_PIPE_NAME=\\.\pipe\crashpad_31196_GVDZRKLDKWQTIZNB
GIT_EXEC_PATH=C:/Program Files/Git/mingw64/libexec/git-core
PLINK_PROTOCOL=ssh
OneDrive=C:\Users\harry\OneDrive
USERDOMAIN_ROAMINGPROFILE=KEEBU
CommonProgramFiles=C:\Program Files\Common Files
ZES_ENABLE_SYSMAN=1
VSCODE_PYTHON_AUTOACTIVATE_GUARD=1
ProgramData=C:\ProgramData
LANG=en_US.UTF-8
GIT_ASKPASS=c:\Users\harry\AppData\Roaming\Code\User\globalStorage\vscode.git\askpass\70789581cae28aa7\askpass.sh
HOMEPATH=\Users\harry
IGCCSVC_DB=AQAAANCMnd8BFdERjHoAwE/Cl+sBAAAAirbf9Z57IEu9nQs8Ax6awgQAAAACAAAAAAAQZgAAAAEAACAAAACi979e1M2/i2PfLK7Eaarp6Uq37gaWK9gQxzyoRUIDkwAAAAAOgAAAAAIAACAAAACbwR/LsiIl35p3BE+h5oFmvouZ+J0/S761upWdTMpTV2AAAAAmoP2KDhkperjAC4Ctc/G9ptwmMExC/SVUYdikkZFx+8uca648f7Q/h2qbCXweHPbSKr8A2WVZEPM2aJtMuDoPSi2mGVfEpakSGI/WuQgj6C32hR0cXa8l1E6aMrBF4ydAAAAARPwmlf+/ysBYOh74MftocF/DFQ4RtZ9rvzSlB0h4N5nPYpAyyhshfDgfjK/arIzqTJOUvttjXe0n9VT8QFMgRQ==
COMPUTERNAME=KEEBU
VSCODE_INJECTION=1
ALLUSERSPROFILE=C:\ProgramData
CommonProgramW6432=C:\Program Files\Common Files
SESSIONNAME=Console
DriverData=C:\Windows\System32\Drivers\DriverData
HOMEDRIVE=C:
windir=C:\WINDOWS
GIT_TRACE2_PARENT_SID=26f5785f-edfd-433b-b1d5-d0868e217a3e
VSCODE_GIT_ASKPASS_NODE=C:\Users\harry\AppData\Local\Programs\Microsoft VS Code\Code.exe
NUMBER_OF_PROCESSORS=8
OS=Windows_NT
EFC_4616_4126798990=1
ProgramFiles=C:\Program Files
ComSpec=C:\WINDOWS\system32\cmd.exe
PATHEXT=.COM;.EXE;.BAT;.CMD;.VBS;.VBE;.JS;.JSE;.WSF;.WSH;.MSC;.CPL
HOME=C:\Users\harry
PSModulePath=C:\Users\harry\OneDrive\Documents\WindowsPowerShell\Modules;C:\Program Files\WindowsPowerShell\Modules;C:\WINDOWS\system32\WindowsPowerShell\v1.0\Modules
TMPDIR=C:\Users\harry\AppData\Local\Temp
APPDATA=C:\Users\harry\AppData\Roaming
USERDOMAIN=KEEBU
PROCESSOR_LEVEL=6
LOCALAPPDATA=C:\Users\harry\AppData\Local
EFC_4616_1592913036=1
TERM_PROGRAM_VERSION=1.126.0
CommonProgramFiles(x86)=C:\Program Files (x86)\Common Files
OneDriveConsumer=C:\Users\harry\OneDrive
COLORTERM=truecolor
PUBLIC=C:\Users\Public
TERM_PROGRAM=vscode
VSCODE_GIT_ASKPASS_EXTRA_ARGS=


------------
Diagnostic: File system
Skipped: False
Success: True
Exception: None
Log:
Temporary directory is 'C:\Users\harry\AppData\Local\Temp\'...
Checking basic file I/O...
Writing to temporary file 'C:\Users\harry\AppData\Local\Temp\91e7414e93680991c835903d'... OK
Reading from temporary file 'C:\Users\harry\AppData\Local\Temp\91e7414e93680991c835903d'... OK
Deleting temporary file 'C:\Users\harry\AppData\Local\Temp\91e7414e93680991c835903d'... OK
Testing IFileSystem instance...
UserHomePath: C:\Users\harry
UserDataDirectoryPath: C:\Users\harry\.gcm
GetCurrentDirectory(): C:\Users\harry\OneDrive\Desktop\Ai-Fitness_Coach

------------
Diagnostic: Networking
Skipped: False
Success: True
Exception: None
Log:
Checking networking and HTTP stack...
Creating HTTP client... OK
IsNetworkAvailable: True
Sending HEAD request to http://example.com...Sending HEAD request to https://example.com... OK
 OK
Acquiring free TCP port... OK
Testing local HTTP loopback connections...
Creating new HTTP listener for http://localhost:56475/... OK
Waiting for loopback connection... OK
Writing response... OK
Waiting for response data... OK
Loopback connection data OK

------------
Diagnostic: Git
Skipped: False
Success: True
Exception: None
Log:
Getting Git version... OK
Git version is '2.54.0.windows.1'
Locating current repository...Not inside a Git repository.
 OK
Listing all Git configuration... OK
Git configuration:
file:C:/Program Files/Git/etc/gitconfig	diff.astextplain.textconv=astextplain
file:C:/Program Files/Git/etc/gitconfig	filter.lfs.clean=git-lfs clean -- %f
file:C:/Program Files/Git/etc/gitconfig	filter.lfs.smudge=git-lfs smudge -- %f
file:C:/Program Files/Git/etc/gitconfig	filter.lfs.process=git-lfs filter-process
file:C:/Program Files/Git/etc/gitconfig	filter.lfs.required=true
file:C:/Program Files/Git/etc/gitconfig	http.sslbackend=schannel
file:C:/Program Files/Git/etc/gitconfig	core.autocrlf=true
file:C:/Program Files/Git/etc/gitconfig	core.fscache=true
file:C:/Program Files/Git/etc/gitconfig	core.symlinks=false
file:C:/Program Files/Git/etc/gitconfig	pull.rebase=false
file:C:/Program Files/Git/etc/gitconfig	credential.helper=manager
file:C:/Program Files/Git/etc/gitconfig	credential.https://dev.azure.com.usehttppath=true
file:C:/Program Files/Git/etc/gitconfig	init.defaultbranch=master
file:C:/Users/harry/.gitconfig	filter.lfs.required=true
file:C:/Users/harry/.gitconfig	filter.lfs.clean=git-lfs clean -- %f
file:C:/Users/harry/.gitconfig	filter.lfs.smudge=git-lfs smudge -- %f
file:C:/Users/harry/.gitconfig	filter.lfs.process=git-lfs filter-process
file:C:/Users/harry/.gitconfig	user.name=davidkirubha
file:C:/Users/harry/.gitconfig	user.email=kirubhakaranpaul@01gmail.com


------------
Diagnostic: Credential storage
Skipped: False
Success: True
Exception: None
Log:
ICredentialStore instance is of type: CredentialStore
Writing test credential... OK
Reading test credential... OK
Deleting test credential... OK

------------
Diagnostic: Microsoft authentication (AAD/MSA)
Skipped: False
Success: True
Exception: None
Log:
Broker is not enabled.
Flow type is: Auto
Gathering MSAL token cache data... OK
CacheDirectory: C:\Users\harry\AppData\Local\.IdentityService
CacheFileName: msal.cache
CacheFilePath: C:\Users\harry\AppData\Local\.IdentityService\msal.cache
Creating cache helper... OK
Verifying MSAL token cache persistence... OK

------------
Diagnostic: GitHub API
Skipped: False
Success: True
Exception: None
Log:
Using 'https://github.com/' as API target.
Querying '/meta' endpoint... OK

